<?xml version="1.0" encoding="UTF-8"?>
<!-- Generated by org.testng.reporters.JUnitXMLReporter -->
<testsuite hostname="mohans-MacBook-Pro.local" name="Test1" tests="1" failures="1" timestamp="15 May 2017 04:06:50 GMT" time="13.774" errors="0">
  <testcase name="testLogin" time="1.197" classname="apptimizeSample.signUpTest">
    <failure type="org.openqa.selenium.WebDriverException" message="Expected [object Undefined] undefined to be a string (WARNING: The server did not provide any stacktrace information)
Command duration or timeout: 17 milliseconds
Build info: version: &amp;apos;3.0.0-beta3&amp;apos;, revision: &amp;apos;c7b525d&amp;apos;, time: &amp;apos;2016-09-01 14:57:03 -0700&amp;apos;
System info: host: &amp;apos;mohans-MacBook-Pro.local&amp;apos;, ip: &amp;apos;10.0.0.3&amp;apos;, os.name: &amp;apos;Mac OS X&amp;apos;, os.arch: &amp;apos;x86_64&amp;apos;, os.version: &amp;apos;10.12.3&amp;apos;, java.version: &amp;apos;1.8.0_40&amp;apos;
Driver info: org.openqa.selenium.firefox.FirefoxDriver
Capabilities [{moz:profile=/var/folders/98/fxsm4fy17ngf85xmq9987l400000gp/T/rust_mozprofile.kwrEMbwvgqFC, rotatable=false, timeouts={implicit=0, pageLoad=300000, script=30000}, pageLoadStrategy=normal, platform=ANY, specificationLevel=0, moz:accessibilityChecks=false, acceptInsecureCerts=false, browserVersion=53.0.2, platformVersion=16.4.0, moz:processID=9671, browserName=firefox, platformName=darwin}]
Session ID: fc2961e5-a829-1c46-917e-b1567b81fa68">
      <![CDATA[org.openqa.selenium.WebDriverException: Expected [object Undefined] undefined to be a string (WARNING: The server did not provide any stacktrace information)
Command duration or timeout: 17 milliseconds
Build info: version: '3.0.0-beta3', revision: 'c7b525d', time: '2016-09-01 14:57:03 -0700'
System info: host: 'mohans-MacBook-Pro.local', ip: '10.0.0.3', os.name: 'Mac OS X', os.arch: 'x86_64', os.version: '10.12.3', java.version: '1.8.0_40'
Driver info: org.openqa.selenium.firefox.FirefoxDriver
Capabilities [{moz:profile=/var/folders/98/fxsm4fy17ngf85xmq9987l400000gp/T/rust_mozprofile.kwrEMbwvgqFC, rotatable=false, timeouts={implicit=0, pageLoad=300000, script=30000}, pageLoadStrategy=normal, platform=ANY, specificationLevel=0, moz:accessibilityChecks=false, acceptInsecureCerts=false, browserVersion=53.0.2, platformVersion=16.4.0, moz:processID=9671, browserName=firefox, platformName=darwin}]
Session ID: fc2961e5-a829-1c46-917e-b1567b81fa68
	at org.openqa.selenium.remote.ErrorHandler.createThrowable(ErrorHandler.java:206)
	at org.openqa.selenium.remote.ErrorHandler.throwIfResponseFailed(ErrorHandler.java:158)
	at org.openqa.selenium.remote.RemoteWebDriver.execute(RemoteWebDriver.java:631)
	at org.openqa.selenium.remote.RemoteWebElement.execute(RemoteWebElement.java:284)
	at org.openqa.selenium.remote.RemoteWebElement.sendKeys(RemoteWebElement.java:108)
	at apptimizeSample.signUpTest.testLogin(signUpTest.java:49)
... Removed 28 stack frames]]>
    </failure>
  </testcase> <!-- testLogin -->
</testsuite> <!-- Test1 -->
